2020-03-23 16:23:38,552 :: INFO :: __main__ :: Line No 49 ::  Uploaded The Image Successfully.
2020-03-23 16:23:38,558 :: INFO :: __main__ :: Line No 65 ::  Displayed The Image Successfully
2020-03-23 16:23:56,847 :: WARNING :: __main__ :: Line No 58 ::  Shape Of Image 2 Does Not Match Shape Of Image 1.
2020-03-23 16:24:02,718 :: INFO :: __main__ :: Line No 55 ::  Uploaded The Image Successfully.
2020-03-23 16:24:02,723 :: INFO :: __main__ :: Line No 65 ::  Displayed The Image Successfully
2020-03-23 16:24:05,408 :: INFO :: __main__ :: Line No 69 ::  The Combobox Responsible for Image Number 1 Has Been Changed to FT Phase Component.
2020-03-23 16:24:05,422 :: INFO :: __main__ :: Line No 65 ::  Displayed The Image Successfully
2020-03-23 16:24:08,005 :: INFO :: __main__ :: Line No 69 ::  The Combobox Responsible for Image Number 2 Has Been Changed to FT Real Component.
2020-03-23 16:24:08,019 :: INFO :: __main__ :: Line No 65 ::  Displayed The Image Successfully
2020-03-23 16:24:16,647 :: INFO :: __main__ :: Line No 83 ::  A Change Has Been Made In The Output Combobox Responsible for The First Module of Mixing.
2020-03-23 16:24:16,679 :: INFO :: __main__ :: Line No 102 ::  The Mixing Has Been Done Successfully
2020-03-23 16:24:16,684 :: INFO :: __main__ :: Line No 65 ::  Displayed The Image Successfully
2020-03-23 16:28:06,315 :: WARNING :: __main__ :: Line No 79 ::  The Combobox Responsible for image number 1 Has Been Changed but There is no Image in This Module.
2020-03-23 16:28:10,787 :: INFO :: __main__ :: Line No 49 ::  Uploaded The Image Successfully.
2020-03-23 16:28:10,792 :: INFO :: __main__ :: Line No 65 ::  Displayed The Image Successfully
2020-03-23 16:28:13,756 :: WARNING :: __main__ :: Line No 105 ::  A Change Has Been Made In The Component Combobox Responsible for The First Module of Mixing, but The Application Does not Have to Images Uploaded to it.
2020-03-23 16:28:18,004 :: INFO :: __main__ :: Line No 55 ::  Uploaded The Image Successfully.
2020-03-23 16:28:18,008 :: INFO :: __main__ :: Line No 65 ::  Displayed The Image Successfully
2020-03-23 16:28:30,819 :: INFO :: __main__ :: Line No 83 ::  A Change Has Been Made In The Output Combobox Responsible for The First Module of Mixing.
2020-03-23 16:28:30,853 :: INFO :: __main__ :: Line No 102 ::  The Mixing Has Been Done Successfully
2020-03-23 16:28:30,858 :: INFO :: __main__ :: Line No 65 ::  Displayed The Image Successfully
2020-03-23 16:28:33,271 :: INFO :: __main__ :: Line No 83 ::  A Change Has Been Made In The Component Combobox Responsible for The First Module of Mixing.
2020-03-23 16:28:33,300 :: INFO :: __main__ :: Line No 102 ::  The Mixing Has Been Done Successfully
2020-03-23 16:28:33,304 :: INFO :: __main__ :: Line No 65 ::  Displayed The Image Successfully
2020-03-23 16:32:59,507 :: INFO :: __main__ :: Line No 49 ::  Uploaded The Image Successfully.
2020-03-23 16:32:59,512 :: INFO :: __main__ :: Line No 65 ::  Displayed The Image Successfully
2020-03-23 16:33:01,839 :: INFO :: __main__ :: Line No 55 ::  Uploaded The Image Successfully.
2020-03-23 16:33:01,843 :: INFO :: __main__ :: Line No 65 ::  Displayed The Image Successfully
2020-03-23 16:33:07,120 :: INFO :: __main__ :: Line No 83 ::  A Change Has Been Made In The Output Combobox Responsible for The First Module of Mixing.
2020-03-23 16:33:07,153 :: INFO :: __main__ :: Line No 102 ::  The Mixing Has Been Done Successfully
2020-03-23 16:33:07,158 :: INFO :: __main__ :: Line No 65 ::  Displayed The Image Successfully
2020-03-23 16:33:56,480 :: INFO :: __main__ :: Line No 49 ::  Uploaded The Image Successfully.
2020-03-23 16:33:56,486 :: INFO :: __main__ :: Line No 65 ::  Displayed The Image Successfully
2020-03-23 16:33:58,695 :: INFO :: __main__ :: Line No 55 ::  Uploaded The Image Successfully.
2020-03-23 16:33:58,700 :: INFO :: __main__ :: Line No 65 ::  Displayed The Image Successfully
2020-03-23 16:34:03,223 :: INFO :: __main__ :: Line No 83 ::  A Change Has Been Made In The Output Combobox Responsible for The First Module of Mixing.
2020-03-23 16:34:03,255 :: INFO :: __main__ :: Line No 102 ::  The Mixing Has Been Done Successfully
2020-03-23 16:34:03,260 :: INFO :: __main__ :: Line No 65 ::  Displayed The Image Successfully
2020-03-23 16:34:04,076 :: INFO :: __main__ :: Line No 83 ::  A Change Has Been Made In The Mixing Ratio Responsible for Module Number 2 of Mixing.
2020-03-23 16:34:04,114 :: INFO :: __main__ :: Line No 102 ::  The Mixing Has Been Done Successfully
2020-03-23 16:34:04,119 :: INFO :: __main__ :: Line No 65 ::  Displayed The Image Successfully
2020-03-23 16:34:04,169 :: INFO :: __main__ :: Line No 83 ::  A Change Has Been Made In The Mixing Ratio Responsible for Module Number 2 of Mixing.
2020-03-23 16:34:04,188 :: INFO :: __main__ :: Line No 102 ::  The Mixing Has Been Done Successfully
2020-03-23 16:34:04,191 :: INFO :: __main__ :: Line No 65 ::  Displayed The Image Successfully
2020-03-23 16:34:04,193 :: INFO :: __main__ :: Line No 83 ::  A Change Has Been Made In The Mixing Ratio Responsible for Module Number 2 of Mixing.
2020-03-23 16:34:04,212 :: INFO :: __main__ :: Line No 102 ::  The Mixing Has Been Done Successfully
2020-03-23 16:34:04,215 :: INFO :: __main__ :: Line No 65 ::  Displayed The Image Successfully
2020-03-23 16:34:04,216 :: INFO :: __main__ :: Line No 83 ::  A Change Has Been Made In The Mixing Ratio Responsible for Module Number 2 of Mixing.
2020-03-23 16:34:04,236 :: INFO :: __main__ :: Line No 102 ::  The Mixing Has Been Done Successfully
2020-03-23 16:34:04,239 :: INFO :: __main__ :: Line No 65 ::  Displayed The Image Successfully
2020-03-23 16:34:04,241 :: INFO :: __main__ :: Line No 83 ::  A Change Has Been Made In The Mixing Ratio Responsible for Module Number 2 of Mixing.
2020-03-23 16:34:04,263 :: INFO :: __main__ :: Line No 102 ::  The Mixing Has Been Done Successfully
2020-03-23 16:34:04,266 :: INFO :: __main__ :: Line No 65 ::  Displayed The Image Successfully
2020-03-23 16:34:04,267 :: INFO :: __main__ :: Line No 83 ::  A Change Has Been Made In The Mixing Ratio Responsible for Module Number 2 of Mixing.
2020-03-23 16:34:04,287 :: INFO :: __main__ :: Line No 102 ::  The Mixing Has Been Done Successfully
2020-03-23 16:34:04,290 :: INFO :: __main__ :: Line No 65 ::  Displayed The Image Successfully
2020-03-23 16:34:04,292 :: INFO :: __main__ :: Line No 83 ::  A Change Has Been Made In The Mixing Ratio Responsible for Module Number 2 of Mixing.
2020-03-23 16:34:04,314 :: INFO :: __main__ :: Line No 102 ::  The Mixing Has Been Done Successfully
2020-03-23 16:34:04,316 :: INFO :: __main__ :: Line No 65 ::  Displayed The Image Successfully
2020-03-23 16:34:04,318 :: INFO :: __main__ :: Line No 83 ::  A Change Has Been Made In The Mixing Ratio Responsible for Module Number 2 of Mixing.
2020-03-23 16:34:04,338 :: INFO :: __main__ :: Line No 102 ::  The Mixing Has Been Done Successfully
2020-03-23 16:34:04,341 :: INFO :: __main__ :: Line No 65 ::  Displayed The Image Successfully
2020-03-23 16:34:04,343 :: INFO :: __main__ :: Line No 83 ::  A Change Has Been Made In The Mixing Ratio Responsible for Module Number 2 of Mixing.
2020-03-23 16:34:04,364 :: INFO :: __main__ :: Line No 102 ::  The Mixing Has Been Done Successfully
2020-03-23 16:34:04,366 :: INFO :: __main__ :: Line No 65 ::  Displayed The Image Successfully
2020-03-23 16:34:04,367 :: INFO :: __main__ :: Line No 83 ::  A Change Has Been Made In The Mixing Ratio Responsible for Module Number 2 of Mixing.
2020-03-23 16:34:04,387 :: INFO :: __main__ :: Line No 102 ::  The Mixing Has Been Done Successfully
2020-03-23 16:34:04,390 :: INFO :: __main__ :: Line No 65 ::  Displayed The Image Successfully
2020-03-23 16:34:04,391 :: INFO :: __main__ :: Line No 83 ::  A Change Has Been Made In The Mixing Ratio Responsible for Module Number 2 of Mixing.
2020-03-23 16:34:04,412 :: INFO :: __main__ :: Line No 102 ::  The Mixing Has Been Done Successfully
2020-03-23 16:34:04,415 :: INFO :: __main__ :: Line No 65 ::  Displayed The Image Successfully
2020-03-23 16:34:04,415 :: INFO :: __main__ :: Line No 83 ::  A Change Has Been Made In The Mixing Ratio Responsible for Module Number 2 of Mixing.
2020-03-23 16:34:04,435 :: INFO :: __main__ :: Line No 102 ::  The Mixing Has Been Done Successfully
2020-03-23 16:34:04,438 :: INFO :: __main__ :: Line No 65 ::  Displayed The Image Successfully
2020-03-23 16:34:04,439 :: INFO :: __main__ :: Line No 83 ::  A Change Has Been Made In The Mixing Ratio Responsible for Module Number 2 of Mixing.
2020-03-23 16:34:04,459 :: INFO :: __main__ :: Line No 102 ::  The Mixing Has Been Done Successfully
2020-03-23 16:34:04,462 :: INFO :: __main__ :: Line No 65 ::  Displayed The Image Successfully
2020-03-23 16:34:04,763 :: INFO :: __main__ :: Line No 83 ::  A Change Has Been Made In The Mixing Ratio Responsible for Module Number 2 of Mixing.
2020-03-23 16:34:04,801 :: INFO :: __main__ :: Line No 102 ::  The Mixing Has Been Done Successfully
2020-03-23 16:34:04,804 :: INFO :: __main__ :: Line No 65 ::  Displayed The Image Successfully
2020-03-23 16:34:04,805 :: INFO :: __main__ :: Line No 83 ::  A Change Has Been Made In The Mixing Ratio Responsible for Module Number 2 of Mixing.
2020-03-23 16:34:04,825 :: INFO :: __main__ :: Line No 102 ::  The Mixing Has Been Done Successfully
2020-03-23 16:34:04,828 :: INFO :: __main__ :: Line No 65 ::  Displayed The Image Successfully
2020-03-23 16:34:04,829 :: INFO :: __main__ :: Line No 83 ::  A Change Has Been Made In The Mixing Ratio Responsible for Module Number 2 of Mixing.
2020-03-23 16:34:04,849 :: INFO :: __main__ :: Line No 102 ::  The Mixing Has Been Done Successfully
2020-03-23 16:34:04,852 :: INFO :: __main__ :: Line No 65 ::  Displayed The Image Successfully
2020-03-23 16:34:04,853 :: INFO :: __main__ :: Line No 83 ::  A Change Has Been Made In The Mixing Ratio Responsible for Module Number 2 of Mixing.
2020-03-23 16:34:04,873 :: INFO :: __main__ :: Line No 102 ::  The Mixing Has Been Done Successfully
2020-03-23 16:34:04,877 :: INFO :: __main__ :: Line No 65 ::  Displayed The Image Successfully
2020-03-23 16:34:04,878 :: INFO :: __main__ :: Line No 83 ::  A Change Has Been Made In The Mixing Ratio Responsible for Module Number 2 of Mixing.
2020-03-23 16:34:04,898 :: INFO :: __main__ :: Line No 102 ::  The Mixing Has Been Done Successfully
2020-03-23 16:34:04,901 :: INFO :: __main__ :: Line No 65 ::  Displayed The Image Successfully
2020-03-23 16:34:04,901 :: INFO :: __main__ :: Line No 83 ::  A Change Has Been Made In The Mixing Ratio Responsible for Module Number 2 of Mixing.
2020-03-23 16:34:04,921 :: INFO :: __main__ :: Line No 102 ::  The Mixing Has Been Done Successfully
2020-03-23 16:34:04,924 :: INFO :: __main__ :: Line No 65 ::  Displayed The Image Successfully
2020-03-23 16:34:04,926 :: INFO :: __main__ :: Line No 83 ::  A Change Has Been Made In The Mixing Ratio Responsible for Module Number 2 of Mixing.
2020-03-23 16:34:04,947 :: INFO :: __main__ :: Line No 102 ::  The Mixing Has Been Done Successfully
2020-03-23 16:34:04,950 :: INFO :: __main__ :: Line No 65 ::  Displayed The Image Successfully
2020-03-23 16:34:04,951 :: INFO :: __main__ :: Line No 83 ::  A Change Has Been Made In The Mixing Ratio Responsible for Module Number 2 of Mixing.
2020-03-23 16:34:04,972 :: INFO :: __main__ :: Line No 102 ::  The Mixing Has Been Done Successfully
2020-03-23 16:34:04,975 :: INFO :: __main__ :: Line No 65 ::  Displayed The Image Successfully
2020-03-23 16:34:04,976 :: INFO :: __main__ :: Line No 83 ::  A Change Has Been Made In The Mixing Ratio Responsible for Module Number 2 of Mixing.
2020-03-23 16:34:04,994 :: INFO :: __main__ :: Line No 102 ::  The Mixing Has Been Done Successfully
2020-03-23 16:34:04,997 :: INFO :: __main__ :: Line No 65 ::  Displayed The Image Successfully
2020-03-23 16:34:04,997 :: INFO :: __main__ :: Line No 83 ::  A Change Has Been Made In The Mixing Ratio Responsible for Module Number 2 of Mixing.
2020-03-23 16:34:05,018 :: INFO :: __main__ :: Line No 102 ::  The Mixing Has Been Done Successfully
2020-03-23 16:34:05,024 :: INFO :: __main__ :: Line No 65 ::  Displayed The Image Successfully
2020-03-23 16:34:05,226 :: INFO :: __main__ :: Line No 83 ::  A Change Has Been Made In The Mixing Ratio Responsible for Module Number 2 of Mixing.
2020-03-23 16:34:05,267 :: INFO :: __main__ :: Line No 102 ::  The Mixing Has Been Done Successfully
2020-03-23 16:34:05,270 :: INFO :: __main__ :: Line No 65 ::  Displayed The Image Successfully
2020-03-23 16:34:05,271 :: INFO :: __main__ :: Line No 83 ::  A Change Has Been Made In The Mixing Ratio Responsible for Module Number 2 of Mixing.
2020-03-23 16:34:05,292 :: INFO :: __main__ :: Line No 102 ::  The Mixing Has Been Done Successfully
2020-03-23 16:34:05,320 :: INFO :: __main__ :: Line No 65 ::  Displayed The Image Successfully
2020-03-23 16:34:05,320 :: INFO :: __main__ :: Line No 83 ::  A Change Has Been Made In The Mixing Ratio Responsible for Module Number 2 of Mixing.
2020-03-23 16:34:05,341 :: INFO :: __main__ :: Line No 102 ::  The Mixing Has Been Done Successfully
2020-03-23 16:34:05,344 :: INFO :: __main__ :: Line No 65 ::  Displayed The Image Successfully
2020-03-23 16:34:05,344 :: INFO :: __main__ :: Line No 83 ::  A Change Has Been Made In The Mixing Ratio Responsible for Module Number 2 of Mixing.
2020-03-23 16:34:05,365 :: INFO :: __main__ :: Line No 102 ::  The Mixing Has Been Done Successfully
2020-03-23 16:34:05,368 :: INFO :: __main__ :: Line No 65 ::  Displayed The Image Successfully
2020-03-23 16:34:05,369 :: INFO :: __main__ :: Line No 83 ::  A Change Has Been Made In The Mixing Ratio Responsible for Module Number 2 of Mixing.
2020-03-23 16:34:05,388 :: INFO :: __main__ :: Line No 102 ::  The Mixing Has Been Done Successfully
2020-03-23 16:34:05,391 :: INFO :: __main__ :: Line No 65 ::  Displayed The Image Successfully
2020-03-23 16:34:05,392 :: INFO :: __main__ :: Line No 83 ::  A Change Has Been Made In The Mixing Ratio Responsible for Module Number 2 of Mixing.
2020-03-23 16:34:05,412 :: INFO :: __main__ :: Line No 102 ::  The Mixing Has Been Done Successfully
2020-03-23 16:34:05,414 :: INFO :: __main__ :: Line No 65 ::  Displayed The Image Successfully
2020-03-23 16:34:06,343 :: INFO :: __main__ :: Line No 83 ::  A Change Has Been Made In The Mixing Ratio Responsible for Module Number 2 of Mixing.
2020-03-23 16:34:06,380 :: INFO :: __main__ :: Line No 102 ::  The Mixing Has Been Done Successfully
2020-03-23 16:34:06,385 :: INFO :: __main__ :: Line No 65 ::  Displayed The Image Successfully
2020-03-23 16:34:06,387 :: INFO :: __main__ :: Line No 83 ::  A Change Has Been Made In The Mixing Ratio Responsible for Module Number 2 of Mixing.
2020-03-23 16:34:06,407 :: INFO :: __main__ :: Line No 102 ::  The Mixing Has Been Done Successfully
2020-03-23 16:34:06,409 :: INFO :: __main__ :: Line No 65 ::  Displayed The Image Successfully
2020-03-23 16:38:19,659 :: INFO :: __main__ :: Line No 49 ::  Uploaded The Image Successfully.
2020-03-23 16:38:19,664 :: INFO :: __main__ :: Line No 65 ::  Displayed The Image Successfully
2020-03-23 16:38:22,045 :: INFO :: __main__ :: Line No 55 ::  Uploaded The Image Successfully.
2020-03-23 16:38:22,051 :: INFO :: __main__ :: Line No 65 ::  Displayed The Image Successfully
2020-03-23 16:38:24,160 :: INFO :: __main__ :: Line No 83 ::  A Change Has Been Made In The Output Combobox Responsible for The First Module of Mixing.
2020-03-23 16:38:24,191 :: INFO :: __main__ :: Line No 102 ::  The Mixing Has Been Done Successfully
2020-03-23 16:38:24,196 :: INFO :: __main__ :: Line No 65 ::  Displayed The Image Successfully
2020-03-23 16:38:25,862 :: INFO :: __main__ :: Line No 83 ::  A Change Has Been Made In The Input Combobox Responsible for The First Module of Mixing.
2020-03-23 16:38:25,888 :: INFO :: __main__ :: Line No 102 ::  The Mixing Has Been Done Successfully
2020-03-23 16:38:25,895 :: INFO :: __main__ :: Line No 65 ::  Displayed The Image Successfully
2020-03-23 16:38:27,435 :: INFO :: __main__ :: Line No 83 ::  A Change Has Been Made In The Component Combobox Responsible for The Second Module of Mixing.
2020-03-23 16:38:27,462 :: INFO :: __main__ :: Line No 102 ::  The Mixing Has Been Done Successfully
2020-03-23 16:38:27,468 :: INFO :: __main__ :: Line No 65 ::  Displayed The Image Successfully
2020-03-23 16:38:28,651 :: INFO :: __main__ :: Line No 83 ::  A Change Has Been Made In The Mixing Ratio Responsible for Module Number 1 of Mixing.
2020-03-23 16:38:28,689 :: INFO :: __main__ :: Line No 102 ::  The Mixing Has Been Done Successfully
2020-03-23 16:38:28,695 :: INFO :: __main__ :: Line No 65 ::  Displayed The Image Successfully
2020-03-23 16:38:28,698 :: INFO :: __main__ :: Line No 83 ::  A Change Has Been Made In The Mixing Ratio Responsible for Module Number 1 of Mixing.
2020-03-23 16:38:28,721 :: INFO :: __main__ :: Line No 102 ::  The Mixing Has Been Done Successfully
2020-03-23 16:38:28,727 :: INFO :: __main__ :: Line No 65 ::  Displayed The Image Successfully
2020-03-23 16:38:28,730 :: INFO :: __main__ :: Line No 83 ::  A Change Has Been Made In The Mixing Ratio Responsible for Module Number 1 of Mixing.
2020-03-23 16:38:28,754 :: INFO :: __main__ :: Line No 102 ::  The Mixing Has Been Done Successfully
2020-03-23 16:38:28,761 :: INFO :: __main__ :: Line No 65 ::  Displayed The Image Successfully
2020-03-23 16:38:28,764 :: INFO :: __main__ :: Line No 83 ::  A Change Has Been Made In The Mixing Ratio Responsible for Module Number 1 of Mixing.
2020-03-23 16:38:28,785 :: INFO :: __main__ :: Line No 102 ::  The Mixing Has Been Done Successfully
2020-03-23 16:38:28,790 :: INFO :: __main__ :: Line No 65 ::  Displayed The Image Successfully
2020-03-23 16:38:28,792 :: INFO :: __main__ :: Line No 83 ::  A Change Has Been Made In The Mixing Ratio Responsible for Module Number 1 of Mixing.
2020-03-23 16:38:28,811 :: INFO :: __main__ :: Line No 102 ::  The Mixing Has Been Done Successfully
2020-03-23 16:38:28,817 :: INFO :: __main__ :: Line No 65 ::  Displayed The Image Successfully
2020-03-23 16:38:28,819 :: INFO :: __main__ :: Line No 83 ::  A Change Has Been Made In The Mixing Ratio Responsible for Module Number 1 of Mixing.
2020-03-23 16:38:28,839 :: INFO :: __main__ :: Line No 102 ::  The Mixing Has Been Done Successfully
2020-03-23 16:38:28,845 :: INFO :: __main__ :: Line No 65 ::  Displayed The Image Successfully
2020-03-23 16:38:28,847 :: INFO :: __main__ :: Line No 83 ::  A Change Has Been Made In The Mixing Ratio Responsible for Module Number 1 of Mixing.
2020-03-23 16:38:28,870 :: INFO :: __main__ :: Line No 102 ::  The Mixing Has Been Done Successfully
2020-03-23 16:38:28,876 :: INFO :: __main__ :: Line No 65 ::  Displayed The Image Successfully
2020-03-23 16:38:28,877 :: INFO :: __main__ :: Line No 83 ::  A Change Has Been Made In The Mixing Ratio Responsible for Module Number 1 of Mixing.
2020-03-23 16:38:28,897 :: INFO :: __main__ :: Line No 102 ::  The Mixing Has Been Done Successfully
2020-03-23 16:38:28,903 :: INFO :: __main__ :: Line No 65 ::  Displayed The Image Successfully
2020-03-23 16:38:28,904 :: INFO :: __main__ :: Line No 83 ::  A Change Has Been Made In The Mixing Ratio Responsible for Module Number 1 of Mixing.
2020-03-23 16:38:28,924 :: INFO :: __main__ :: Line No 102 ::  The Mixing Has Been Done Successfully
2020-03-23 16:38:28,930 :: INFO :: __main__ :: Line No 65 ::  Displayed The Image Successfully
2020-03-23 16:38:28,932 :: INFO :: __main__ :: Line No 83 ::  A Change Has Been Made In The Mixing Ratio Responsible for Module Number 1 of Mixing.
2020-03-23 16:38:28,955 :: INFO :: __main__ :: Line No 102 ::  The Mixing Has Been Done Successfully
2020-03-23 16:38:28,961 :: INFO :: __main__ :: Line No 65 ::  Displayed The Image Successfully
2020-03-23 16:38:28,962 :: INFO :: __main__ :: Line No 83 ::  A Change Has Been Made In The Mixing Ratio Responsible for Module Number 1 of Mixing.
2020-03-23 16:38:28,981 :: INFO :: __main__ :: Line No 102 ::  The Mixing Has Been Done Successfully
2020-03-23 16:38:28,988 :: INFO :: __main__ :: Line No 65 ::  Displayed The Image Successfully
2020-03-23 16:38:28,989 :: INFO :: __main__ :: Line No 83 ::  A Change Has Been Made In The Mixing Ratio Responsible for Module Number 1 of Mixing.
2020-03-23 16:38:29,009 :: INFO :: __main__ :: Line No 102 ::  The Mixing Has Been Done Successfully
2020-03-23 16:38:29,015 :: INFO :: __main__ :: Line No 65 ::  Displayed The Image Successfully
2020-03-23 16:38:29,016 :: INFO :: __main__ :: Line No 83 ::  A Change Has Been Made In The Mixing Ratio Responsible for Module Number 1 of Mixing.
2020-03-23 16:38:29,036 :: INFO :: __main__ :: Line No 102 ::  The Mixing Has Been Done Successfully
2020-03-23 16:38:29,042 :: INFO :: __main__ :: Line No 65 ::  Displayed The Image Successfully
2020-03-23 16:38:29,044 :: INFO :: __main__ :: Line No 83 ::  A Change Has Been Made In The Mixing Ratio Responsible for Module Number 1 of Mixing.
2020-03-23 16:38:29,064 :: INFO :: __main__ :: Line No 102 ::  The Mixing Has Been Done Successfully
2020-03-23 16:38:29,071 :: INFO :: __main__ :: Line No 65 ::  Displayed The Image Successfully
2020-03-23 16:38:29,072 :: INFO :: __main__ :: Line No 83 ::  A Change Has Been Made In The Mixing Ratio Responsible for Module Number 1 of Mixing.
2020-03-23 16:38:29,092 :: INFO :: __main__ :: Line No 102 ::  The Mixing Has Been Done Successfully
2020-03-23 16:38:29,097 :: INFO :: __main__ :: Line No 65 ::  Displayed The Image Successfully
2020-03-23 16:38:29,098 :: INFO :: __main__ :: Line No 83 ::  A Change Has Been Made In The Mixing Ratio Responsible for Module Number 1 of Mixing.
2020-03-23 16:38:29,119 :: INFO :: __main__ :: Line No 102 ::  The Mixing Has Been Done Successfully
2020-03-23 16:38:29,124 :: INFO :: __main__ :: Line No 65 ::  Displayed The Image Successfully
2020-03-23 16:38:29,126 :: INFO :: __main__ :: Line No 83 ::  A Change Has Been Made In The Mixing Ratio Responsible for Module Number 1 of Mixing.
2020-03-23 16:38:29,146 :: INFO :: __main__ :: Line No 102 ::  The Mixing Has Been Done Successfully
2020-03-23 16:38:29,152 :: INFO :: __main__ :: Line No 65 ::  Displayed The Image Successfully
2020-03-23 16:38:29,155 :: INFO :: __main__ :: Line No 83 ::  A Change Has Been Made In The Mixing Ratio Responsible for Module Number 1 of Mixing.
2020-03-23 16:38:29,175 :: INFO :: __main__ :: Line No 102 ::  The Mixing Has Been Done Successfully
2020-03-23 16:38:29,181 :: INFO :: __main__ :: Line No 65 ::  Displayed The Image Successfully
2020-03-23 16:38:29,183 :: INFO :: __main__ :: Line No 83 ::  A Change Has Been Made In The Mixing Ratio Responsible for Module Number 1 of Mixing.
2020-03-23 16:38:29,204 :: INFO :: __main__ :: Line No 102 ::  The Mixing Has Been Done Successfully
2020-03-23 16:38:29,210 :: INFO :: __main__ :: Line No 65 ::  Displayed The Image Successfully
2020-03-23 16:38:29,245 :: INFO :: __main__ :: Line No 83 ::  A Change Has Been Made In The Mixing Ratio Responsible for Module Number 1 of Mixing.
2020-03-23 16:38:29,283 :: INFO :: __main__ :: Line No 102 ::  The Mixing Has Been Done Successfully
2020-03-23 16:38:29,288 :: INFO :: __main__ :: Line No 65 ::  Displayed The Image Successfully
2020-03-23 16:38:29,347 :: INFO :: __main__ :: Line No 83 ::  A Change Has Been Made In The Mixing Ratio Responsible for Module Number 1 of Mixing.
2020-03-23 16:38:29,387 :: INFO :: __main__ :: Line No 102 ::  The Mixing Has Been Done Successfully
2020-03-23 16:38:29,394 :: INFO :: __main__ :: Line No 65 ::  Displayed The Image Successfully
2020-03-23 16:38:29,445 :: INFO :: __main__ :: Line No 83 ::  A Change Has Been Made In The Mixing Ratio Responsible for Module Number 1 of Mixing.
2020-03-23 16:38:29,485 :: INFO :: __main__ :: Line No 102 ::  The Mixing Has Been Done Successfully
2020-03-23 16:38:29,491 :: INFO :: __main__ :: Line No 65 ::  Displayed The Image Successfully
2020-03-23 16:38:29,623 :: INFO :: __main__ :: Line No 83 ::  A Change Has Been Made In The Mixing Ratio Responsible for Module Number 1 of Mixing.
2020-03-23 16:38:29,667 :: INFO :: __main__ :: Line No 102 ::  The Mixing Has Been Done Successfully
2020-03-23 16:38:29,671 :: INFO :: __main__ :: Line No 65 ::  Displayed The Image Successfully
2020-03-23 16:38:29,673 :: INFO :: __main__ :: Line No 83 ::  A Change Has Been Made In The Mixing Ratio Responsible for Module Number 1 of Mixing.
2020-03-23 16:38:29,692 :: INFO :: __main__ :: Line No 102 ::  The Mixing Has Been Done Successfully
2020-03-23 16:38:29,698 :: INFO :: __main__ :: Line No 65 ::  Displayed The Image Successfully
2020-03-23 16:38:29,700 :: INFO :: __main__ :: Line No 83 ::  A Change Has Been Made In The Mixing Ratio Responsible for Module Number 1 of Mixing.
2020-03-23 16:38:29,722 :: INFO :: __main__ :: Line No 102 ::  The Mixing Has Been Done Successfully
2020-03-23 16:38:29,727 :: INFO :: __main__ :: Line No 65 ::  Displayed The Image Successfully
2020-03-23 16:38:29,729 :: INFO :: __main__ :: Line No 83 ::  A Change Has Been Made In The Mixing Ratio Responsible for Module Number 1 of Mixing.
2020-03-23 16:38:29,753 :: INFO :: __main__ :: Line No 102 ::  The Mixing Has Been Done Successfully
2020-03-23 16:38:29,759 :: INFO :: __main__ :: Line No 65 ::  Displayed The Image Successfully
2020-03-23 16:38:29,768 :: INFO :: __main__ :: Line No 83 ::  A Change Has Been Made In The Mixing Ratio Responsible for Module Number 1 of Mixing.
2020-03-23 16:38:29,791 :: INFO :: __main__ :: Line No 102 ::  The Mixing Has Been Done Successfully
2020-03-23 16:38:29,798 :: INFO :: __main__ :: Line No 65 ::  Displayed The Image Successfully
2020-03-23 16:38:29,986 :: INFO :: __main__ :: Line No 83 ::  A Change Has Been Made In The Mixing Ratio Responsible for Module Number 1 of Mixing.
2020-03-23 16:38:30,024 :: INFO :: __main__ :: Line No 102 ::  The Mixing Has Been Done Successfully
2020-03-23 16:38:30,031 :: INFO :: __main__ :: Line No 65 ::  Displayed The Image Successfully
2020-03-23 16:38:30,033 :: INFO :: __main__ :: Line No 83 ::  A Change Has Been Made In The Mixing Ratio Responsible for Module Number 1 of Mixing.
2020-03-23 16:38:30,054 :: INFO :: __main__ :: Line No 102 ::  The Mixing Has Been Done Successfully
2020-03-23 16:38:30,060 :: INFO :: __main__ :: Line No 65 ::  Displayed The Image Successfully
2020-03-23 16:38:30,061 :: INFO :: __main__ :: Line No 83 ::  A Change Has Been Made In The Mixing Ratio Responsible for Module Number 1 of Mixing.
2020-03-23 16:38:30,083 :: INFO :: __main__ :: Line No 102 ::  The Mixing Has Been Done Successfully
2020-03-23 16:38:30,089 :: INFO :: __main__ :: Line No 65 ::  Displayed The Image Successfully
2020-03-23 16:38:30,090 :: INFO :: __main__ :: Line No 83 ::  A Change Has Been Made In The Mixing Ratio Responsible for Module Number 1 of Mixing.
2020-03-23 16:38:30,110 :: INFO :: __main__ :: Line No 102 ::  The Mixing Has Been Done Successfully
2020-03-23 16:38:30,115 :: INFO :: __main__ :: Line No 65 ::  Displayed The Image Successfully
2020-03-23 16:38:30,117 :: INFO :: __main__ :: Line No 83 ::  A Change Has Been Made In The Mixing Ratio Responsible for Module Number 1 of Mixing.
2020-03-23 16:38:30,136 :: INFO :: __main__ :: Line No 102 ::  The Mixing Has Been Done Successfully
2020-03-23 16:38:30,142 :: INFO :: __main__ :: Line No 65 ::  Displayed The Image Successfully
2020-03-23 16:38:30,143 :: INFO :: __main__ :: Line No 83 ::  A Change Has Been Made In The Mixing Ratio Responsible for Module Number 1 of Mixing.
2020-03-23 16:38:30,163 :: INFO :: __main__ :: Line No 102 ::  The Mixing Has Been Done Successfully
2020-03-23 16:38:30,170 :: INFO :: __main__ :: Line No 65 ::  Displayed The Image Successfully
2020-03-23 16:38:30,172 :: INFO :: __main__ :: Line No 83 ::  A Change Has Been Made In The Mixing Ratio Responsible for Module Number 1 of Mixing.
2020-03-23 16:38:30,191 :: INFO :: __main__ :: Line No 102 ::  The Mixing Has Been Done Successfully
2020-03-23 16:38:30,197 :: INFO :: __main__ :: Line No 65 ::  Displayed The Image Successfully
2020-03-23 16:38:30,971 :: INFO :: __main__ :: Line No 83 ::  A Change Has Been Made In The Mixing Ratio Responsible for Module Number 1 of Mixing.
2020-03-23 16:38:30,994 :: INFO :: __main__ :: Line No 102 ::  The Mixing Has Been Done Successfully
2020-03-23 16:38:31,000 :: INFO :: __main__ :: Line No 65 ::  Displayed The Image Successfully
2020-03-23 16:38:31,001 :: INFO :: __main__ :: Line No 83 ::  A Change Has Been Made In The Mixing Ratio Responsible for Module Number 1 of Mixing.
2020-03-23 16:38:31,022 :: INFO :: __main__ :: Line No 102 ::  The Mixing Has Been Done Successfully
2020-03-23 16:38:31,027 :: INFO :: __main__ :: Line No 65 ::  Displayed The Image Successfully
2020-03-23 16:38:31,030 :: INFO :: __main__ :: Line No 83 ::  A Change Has Been Made In The Mixing Ratio Responsible for Module Number 1 of Mixing.
2020-03-23 16:38:31,051 :: INFO :: __main__ :: Line No 102 ::  The Mixing Has Been Done Successfully
2020-03-23 16:38:31,056 :: INFO :: __main__ :: Line No 65 ::  Displayed The Image Successfully
2020-03-23 16:38:31,057 :: INFO :: __main__ :: Line No 83 ::  A Change Has Been Made In The Mixing Ratio Responsible for Module Number 1 of Mixing.
2020-03-23 16:38:31,078 :: INFO :: __main__ :: Line No 102 ::  The Mixing Has Been Done Successfully
2020-03-23 16:38:31,084 :: INFO :: __main__ :: Line No 65 ::  Displayed The Image Successfully
2020-03-23 16:38:31,086 :: INFO :: __main__ :: Line No 83 ::  A Change Has Been Made In The Mixing Ratio Responsible for Module Number 1 of Mixing.
2020-03-23 16:38:31,106 :: INFO :: __main__ :: Line No 102 ::  The Mixing Has Been Done Successfully
2020-03-23 16:38:31,112 :: INFO :: __main__ :: Line No 65 ::  Displayed The Image Successfully
2020-03-23 16:38:31,114 :: INFO :: __main__ :: Line No 83 ::  A Change Has Been Made In The Mixing Ratio Responsible for Module Number 1 of Mixing.
2020-03-23 16:38:31,133 :: INFO :: __main__ :: Line No 102 ::  The Mixing Has Been Done Successfully
2020-03-23 16:38:31,139 :: INFO :: __main__ :: Line No 65 ::  Displayed The Image Successfully
2020-03-23 16:38:31,141 :: INFO :: __main__ :: Line No 83 ::  A Change Has Been Made In The Mixing Ratio Responsible for Module Number 1 of Mixing.
2020-03-23 16:38:31,160 :: INFO :: __main__ :: Line No 102 ::  The Mixing Has Been Done Successfully
2020-03-23 16:38:31,167 :: INFO :: __main__ :: Line No 65 ::  Displayed The Image Successfully
2020-03-23 16:38:31,168 :: INFO :: __main__ :: Line No 83 ::  A Change Has Been Made In The Mixing Ratio Responsible for Module Number 1 of Mixing.
2020-03-23 16:38:31,188 :: INFO :: __main__ :: Line No 102 ::  The Mixing Has Been Done Successfully
2020-03-23 16:38:31,195 :: INFO :: __main__ :: Line No 65 ::  Displayed The Image Successfully
2020-03-23 16:38:31,196 :: INFO :: __main__ :: Line No 83 ::  A Change Has Been Made In The Mixing Ratio Responsible for Module Number 1 of Mixing.
2020-03-23 16:38:31,217 :: INFO :: __main__ :: Line No 102 ::  The Mixing Has Been Done Successfully
2020-03-23 16:38:31,223 :: INFO :: __main__ :: Line No 65 ::  Displayed The Image Successfully
2020-03-23 16:38:31,225 :: INFO :: __main__ :: Line No 83 ::  A Change Has Been Made In The Mixing Ratio Responsible for Module Number 1 of Mixing.
2020-03-23 16:38:31,244 :: INFO :: __main__ :: Line No 102 ::  The Mixing Has Been Done Successfully
2020-03-23 16:38:31,251 :: INFO :: __main__ :: Line No 65 ::  Displayed The Image Successfully
2020-03-23 16:38:31,253 :: INFO :: __main__ :: Line No 83 ::  A Change Has Been Made In The Mixing Ratio Responsible for Module Number 1 of Mixing.
2020-03-23 16:38:31,274 :: INFO :: __main__ :: Line No 102 ::  The Mixing Has Been Done Successfully
2020-03-23 16:38:31,280 :: INFO :: __main__ :: Line No 65 ::  Displayed The Image Successfully
2020-03-23 16:38:31,282 :: INFO :: __main__ :: Line No 83 ::  A Change Has Been Made In The Mixing Ratio Responsible for Module Number 1 of Mixing.
2020-03-23 16:38:31,303 :: INFO :: __main__ :: Line No 102 ::  The Mixing Has Been Done Successfully
2020-03-23 16:38:31,309 :: INFO :: __main__ :: Line No 65 ::  Displayed The Image Successfully
2020-03-23 16:38:31,311 :: INFO :: __main__ :: Line No 83 ::  A Change Has Been Made In The Mixing Ratio Responsible for Module Number 1 of Mixing.
2020-03-23 16:38:31,331 :: INFO :: __main__ :: Line No 102 ::  The Mixing Has Been Done Successfully
2020-03-23 16:38:31,337 :: INFO :: __main__ :: Line No 65 ::  Displayed The Image Successfully
2020-03-23 16:38:31,373 :: INFO :: __main__ :: Line No 83 ::  A Change Has Been Made In The Mixing Ratio Responsible for Module Number 1 of Mixing.
2020-03-23 16:38:31,410 :: INFO :: __main__ :: Line No 102 ::  The Mixing Has Been Done Successfully
2020-03-23 16:38:31,417 :: INFO :: __main__ :: Line No 65 ::  Displayed The Image Successfully
2020-03-23 16:38:31,434 :: INFO :: __main__ :: Line No 83 ::  A Change Has Been Made In The Mixing Ratio Responsible for Module Number 1 of Mixing.
2020-03-23 16:38:31,462 :: INFO :: __main__ :: Line No 102 ::  The Mixing Has Been Done Successfully
2020-03-23 16:38:31,470 :: INFO :: __main__ :: Line No 65 ::  Displayed The Image Successfully
2020-03-23 16:38:31,496 :: INFO :: __main__ :: Line No 83 ::  A Change Has Been Made In The Mixing Ratio Responsible for Module Number 1 of Mixing.
2020-03-23 16:38:31,531 :: INFO :: __main__ :: Line No 102 ::  The Mixing Has Been Done Successfully
2020-03-23 16:38:31,537 :: INFO :: __main__ :: Line No 65 ::  Displayed The Image Successfully
2020-03-23 16:38:31,539 :: INFO :: __main__ :: Line No 83 ::  A Change Has Been Made In The Mixing Ratio Responsible for Module Number 1 of Mixing.
2020-03-23 16:38:31,559 :: INFO :: __main__ :: Line No 102 ::  The Mixing Has Been Done Successfully
2020-03-23 16:38:31,567 :: INFO :: __main__ :: Line No 65 ::  Displayed The Image Successfully
2020-03-23 16:38:31,569 :: INFO :: __main__ :: Line No 83 ::  A Change Has Been Made In The Mixing Ratio Responsible for Module Number 1 of Mixing.
2020-03-23 16:38:31,588 :: INFO :: __main__ :: Line No 102 ::  The Mixing Has Been Done Successfully
2020-03-23 16:38:31,595 :: INFO :: __main__ :: Line No 65 ::  Displayed The Image Successfully
2020-03-23 16:38:31,597 :: INFO :: __main__ :: Line No 83 ::  A Change Has Been Made In The Mixing Ratio Responsible for Module Number 1 of Mixing.
2020-03-23 16:38:31,616 :: INFO :: __main__ :: Line No 102 ::  The Mixing Has Been Done Successfully
2020-03-23 16:38:31,622 :: INFO :: __main__ :: Line No 65 ::  Displayed The Image Successfully
